<?xml version="1.0" encoding="UTF-8"?>
<!-- Generated by org.testng.reporters.JUnitXMLReporter -->
<testsuite ignored="0" hostname="ABIRAMI" failures="0" tests="3" name="Flight Test" time="25.412" errors="0" timestamp="2026-03-14T17:55:11 IST">
  <testcase classname="tests.FlightBookingTest" name="bookFlightTest" time="4.315"/>
  <testcase classname="tests.FlightBookingTest" name="bookFlightTest" time="4.224"/>
  <testcase classname="tests.FlightBookingTest" name="bookFlightTest" time="4.946"/>
</testsuite> <!-- Flight Test -->
