<?xml version="1.0" encoding="UTF-8"?>
<!-- Generated by org.testng.reporters.JUnitXMLReporter -->
<testsuite ignored="0" hostname="ABIRAMI" failures="0" tests="3" name="Flight Booking Test" time="26.439" errors="0" timestamp="2026-03-14T20:11:35 IST">
  <testcase classname="tests.FlightBookingTest" name="bookFlightTest" time="4.605"/>
  <testcase classname="tests.FlightBookingTest" name="bookFlightTest" time="4.304"/>
  <testcase classname="tests.FlightBookingTest" name="bookFlightTest" time="4.371"/>
</testsuite> <!-- Flight Booking Test -->
