<?xml version="1.0" encoding="UTF-8"?>
<!-- Generated by org.testng.reporters.JUnitXMLReporter -->
<testsuite ignored="0" hostname="ABIRAMI" failures="0" tests="3" name="Flight Booking Test" time="25.399" errors="0" timestamp="2026-03-14T22:59:00 IST">
  <testcase classname="tests.FlightBookingTest" name="bookFlightTest" time="4.618"/>
  <testcase classname="tests.FlightBookingTest" name="bookFlightTest" time="4.946"/>
  <testcase classname="tests.FlightBookingTest" name="bookFlightTest" time="4.109"/>
</testsuite> <!-- Flight Booking Test -->
