<?xml version="1.0" encoding="UTF-8"?>
<testng-results ignored="0" total="3" passed="3" failed="0" skipped="0">
  <reporter-output>
  </reporter-output>
  <suite started-at="2026-03-14T20:11:09 IST" name="Flight Booking Suite" finished-at="2026-03-14T20:11:35 IST" duration-ms="26439">
    <groups>
    </groups>
    <test started-at="2026-03-14T20:11:09 IST" name="Flight Booking Test" finished-at="2026-03-14T20:11:35 IST" duration-ms="26439">
      <class name="tests.FlightBookingTest">
        <test-method is-config="true" signature="setup(org.testng.ITestResult)[pri:0, instance:tests.FlightBookingTest@235ecd9f]" started-at="2026-03-14T20:11:09 IST" name="setup" finished-at="2026-03-14T20:11:14 IST" duration-ms="5641" status="PASS">
          <params>
            <param index="0">
              <value>
                <![CDATA[[TestResult name={null} status=CREATED method=FlightBookingTest.bookFlightTest(java.lang.String,java.lang.String,java.lang.String,java.lang.String,java.lang.String,java.lang.String,java.lang.String,java.lang.String,java.lang.String,java.lang.String,java.lang.String)[pri:0, instance:tests.FlightBookingTest@235ecd9f] output={null}]]]>
              </value>
            </param>
          </params>
          <reporter-output>
          </reporter-output>
        </test-method> <!-- setup -->
        <test-method signature="bookFlightTest(java.lang.String,java.lang.String,java.lang.String,java.lang.String,java.lang.String,java.lang.String,java.lang.String,java.lang.String,java.lang.String,java.lang.String,java.lang.String)[pri:0, instance:tests.FlightBookingTest@235ecd9f]" started-at="2026-03-14T20:11:14 IST" name="bookFlightTest" data-provider="bookingData" finished-at="2026-03-14T20:11:19 IST" duration-ms="4605" status="PASS">
          <params>
            <param index="0">
              <value>
                <![CDATA[Paris]]>
              </value>
            </param>
            <param index="1">
              <value>
                <![CDATA[London]]>
              </value>
            </param>
            <param index="2">
              <value>
                <![CDATA[Abirami]]>
              </value>
            </param>
            <param index="3">
              <value>
                <![CDATA[106/2 Coimbatore]]>
              </value>
            </param>
            <param index="4">
              <value>
                <![CDATA[Coimbatore]]>
              </value>
            </param>
            <param index="5">
              <value>
                <![CDATA[TN]]>
              </value>
            </param>
            <param index="6">
              <value>
                <![CDATA[627814]]>
              </value>
            </param>
            <param index="7">
              <value>
                <![CDATA[9876543210]]>
              </value>
            </param>
            <param index="8">
              <value>
                <![CDATA[3]]>
              </value>
            </param>
            <param index="9">
              <value>
                <![CDATA[2026]]>
              </value>
            </param>
            <param index="10">
              <value>
                <![CDATA[Abirami]]>
              </value>
            </param>
          </params>
          <reporter-output>
          </reporter-output>
        </test-method> <!-- bookFlightTest -->
        <test-method is-config="true" signature="tearDown(org.testng.ITestResult)[pri:0, instance:tests.FlightBookingTest@235ecd9f]" started-at="2026-03-14T20:11:19 IST" name="tearDown" finished-at="2026-03-14T20:11:21 IST" duration-ms="2056" status="PASS">
          <params>
            <param index="0">
              <value>
                <![CDATA[[TestResult name=bookFlightTest status=SUCCESS method=FlightBookingTest.bookFlightTest(java.lang.String,java.lang.String,java.lang.String,java.lang.String,java.lang.String,java.lang.String,java.lang.String,java.lang.String,java.lang.String,java.lang.String,java.lang.String)[pri:0, instance:tests.FlightBookingTest@235ecd9f] output={null}]]]>
              </value>
            </param>
          </params>
          <reporter-output>
          </reporter-output>
        </test-method> <!-- tearDown -->
        <test-method is-config="true" signature="setup(org.testng.ITestResult)[pri:0, instance:tests.FlightBookingTest@235ecd9f]" started-at="2026-03-14T20:11:21 IST" name="setup" finished-at="2026-03-14T20:11:23 IST" duration-ms="1952" status="PASS">
          <params>
            <param index="0">
              <value>
                <![CDATA[[TestResult name={null} status=CREATED method=FlightBookingTest.bookFlightTest(java.lang.String,java.lang.String,java.lang.String,java.lang.String,java.lang.String,java.lang.String,java.lang.String,java.lang.String,java.lang.String,java.lang.String,java.lang.String)[pri:0, instance:tests.FlightBookingTest@235ecd9f] output={null}]]]>
              </value>
            </param>
          </params>
          <reporter-output>
          </reporter-output>
        </test-method> <!-- setup -->
        <test-method signature="bookFlightTest(java.lang.String,java.lang.String,java.lang.String,java.lang.String,java.lang.String,java.lang.String,java.lang.String,java.lang.String,java.lang.String,java.lang.String,java.lang.String)[pri:0, instance:tests.FlightBookingTest@235ecd9f]" started-at="2026-03-14T20:11:23 IST" name="bookFlightTest" data-provider="bookingData" finished-at="2026-03-14T20:11:27 IST" duration-ms="4304" status="PASS">
          <params>
            <param index="0">
              <value>
                <![CDATA[Boston]]>
              </value>
            </param>
            <param index="1">
              <value>
                <![CDATA[Berlin]]>
              </value>
            </param>
            <param index="2">
              <value>
                <![CDATA[Kavi]]>
              </value>
            </param>
            <param index="3">
              <value>
                <![CDATA[12 Street]]>
              </value>
            </param>
            <param index="4">
              <value>
                <![CDATA[Chennai]]>
              </value>
            </param>
            <param index="5">
              <value>
                <![CDATA[TN]]>
              </value>
            </param>
            <param index="6">
              <value>
                <![CDATA[75001]]>
              </value>
            </param>
            <param index="7">
              <value>
                <![CDATA[1234567890]]>
              </value>
            </param>
            <param index="8">
              <value>
                <![CDATA[5]]>
              </value>
            </param>
            <param index="9">
              <value>
                <![CDATA[2027]]>
              </value>
            </param>
            <param index="10">
              <value>
                <![CDATA[Kavi]]>
              </value>
            </param>
          </params>
          <reporter-output>
          </reporter-output>
        </test-method> <!-- bookFlightTest -->
        <test-method is-config="true" signature="tearDown(org.testng.ITestResult)[pri:0, instance:tests.FlightBookingTest@235ecd9f]" started-at="2026-03-14T20:11:27 IST" name="tearDown" finished-at="2026-03-14T20:11:28 IST" duration-ms="500" status="PASS">
          <params>
            <param index="0">
              <value>
                <![CDATA[[TestResult name=bookFlightTest status=SUCCESS method=FlightBookingTest.bookFlightTest(java.lang.String,java.lang.String,java.lang.String,java.lang.String,java.lang.String,java.lang.String,java.lang.String,java.lang.String,java.lang.String,java.lang.String,java.lang.String)[pri:0, instance:tests.FlightBookingTest@235ecd9f] output={null}]]]>
              </value>
            </param>
          </params>
          <reporter-output>
          </reporter-output>
        </test-method> <!-- tearDown -->
        <test-method is-config="true" signature="setup(org.testng.ITestResult)[pri:0, instance:tests.FlightBookingTest@235ecd9f]" started-at="2026-03-14T20:11:28 IST" name="setup" finished-at="2026-03-14T20:11:30 IST" duration-ms="2360" status="PASS">
          <params>
            <param index="0">
              <value>
                <![CDATA[[TestResult name={null} status=CREATED method=FlightBookingTest.bookFlightTest(java.lang.String,java.lang.String,java.lang.String,java.lang.String,java.lang.String,java.lang.String,java.lang.String,java.lang.String,java.lang.String,java.lang.String,java.lang.String)[pri:0, instance:tests.FlightBookingTest@235ecd9f] output={null}]]]>
              </value>
            </param>
          </params>
          <reporter-output>
          </reporter-output>
        </test-method> <!-- setup -->
        <test-method signature="bookFlightTest(java.lang.String,java.lang.String,java.lang.String,java.lang.String,java.lang.String,java.lang.String,java.lang.String,java.lang.String,java.lang.String,java.lang.String,java.lang.String)[pri:0, instance:tests.FlightBookingTest@235ecd9f]" started-at="2026-03-14T20:11:30 IST" name="bookFlightTest" data-provider="bookingData" finished-at="2026-03-14T20:11:35 IST" duration-ms="4371" status="PASS">
          <params>
            <param index="0">
              <value>
                <![CDATA[San Diego]]>
              </value>
            </param>
            <param index="1">
              <value>
                <![CDATA[New York]]>
              </value>
            </param>
            <param index="2">
              <value>
                <![CDATA[Pravee]]>
              </value>
            </param>
            <param index="3">
              <value>
                <![CDATA[45 Road]]>
              </value>
            </param>
            <param index="4">
              <value>
                <![CDATA[Bangalore]]>
              </value>
            </param>
            <param index="5">
              <value>
                <![CDATA[KA]]>
              </value>
            </param>
            <param index="6">
              <value>
                <![CDATA[560001]]>
              </value>
            </param>
            <param index="7">
              <value>
                <![CDATA[9871234567]]>
              </value>
            </param>
            <param index="8">
              <value>
                <![CDATA[6]]>
              </value>
            </param>
            <param index="9">
              <value>
                <![CDATA[2028]]>
              </value>
            </param>
            <param index="10">
              <value>
                <![CDATA[Pravee]]>
              </value>
            </param>
          </params>
          <reporter-output>
          </reporter-output>
        </test-method> <!-- bookFlightTest -->
        <test-method is-config="true" signature="tearDown(org.testng.ITestResult)[pri:0, instance:tests.FlightBookingTest@235ecd9f]" started-at="2026-03-14T20:11:35 IST" name="tearDown" finished-at="2026-03-14T20:11:35 IST" duration-ms="545" status="PASS">
          <params>
            <param index="0">
              <value>
                <![CDATA[[TestResult name=bookFlightTest status=SUCCESS method=FlightBookingTest.bookFlightTest(java.lang.String,java.lang.String,java.lang.String,java.lang.String,java.lang.String,java.lang.String,java.lang.String,java.lang.String,java.lang.String,java.lang.String,java.lang.String)[pri:0, instance:tests.FlightBookingTest@235ecd9f] output={null}]]]>
              </value>
            </param>
          </params>
          <reporter-output>
          </reporter-output>
        </test-method> <!-- tearDown -->
      </class> <!-- tests.FlightBookingTest -->
    </test> <!-- Flight Booking Test -->
  </suite> <!-- Flight Booking Suite -->
</testng-results>
