<?xml version="1.0" encoding="UTF-8"?>
<!-- Generated by org.testng.reporters.JUnitReportReporter -->
<testsuite hostname="ABIRAMI" failures="0" tests="3" name="tests.FlightBookingTest" time="26.334" errors="0" timestamp="2026-03-14T20:11:35 IST" skipped="0">
  <testcase classname="tests.FlightBookingTest" name="bookFlightTest" time="12.302"/>
  <testcase classname="tests.FlightBookingTest" name="bookFlightTest" time="6.756"/>
  <testcase classname="tests.FlightBookingTest" name="bookFlightTest" time="7.276"/>
</testsuite> <!-- tests.FlightBookingTest -->
