<?xml version="1.0" encoding="UTF-8"?>
<!-- Generated by org.testng.reporters.JUnitReportReporter -->
<testsuite hostname="ABIRAMI" failures="0" tests="3" name="tests.FlightBookingTest" time="25.316" errors="0" timestamp="2026-03-14T22:59:00 IST" skipped="0">
  <testcase classname="tests.FlightBookingTest" name="bookFlightTest" time="8.255"/>
  <testcase classname="tests.FlightBookingTest" name="bookFlightTest" time="9.818"/>
  <testcase classname="tests.FlightBookingTest" name="bookFlightTest" time="7.243"/>
</testsuite> <!-- tests.FlightBookingTest -->
